[htmldesigntemplates.com/html/yatriiworld/index.html]
[backblue.gif]
[fade.gif]
[index.html]
[htmldesigntemplates.com/html/yatriiworld/images/favicon.png]
[htmldesigntemplates.com/html/yatriiworld/css/bootstrap.min.css]
[htmldesigntemplates.com/html/yatriiworld/css/style.css]
[htmldesigntemplates.com/html/yatriiworld/css/plugin.css]
[htmldesigntemplates.com/html/yatriiworld/fonts/flaticon.css]
[cdnjs.cloudflare.com/ajax/libs/font-awesome/4.7.0/css/font-awesome.min.css]
[cdnjs.cloudflare.com/ajax/libs/font-awesome/5.11.2/css/all.min.css]
[htmldesigntemplates.com/html/yatriiworld/fonts/line-icons.css]
[htmldesigntemplates.com/html/yatriiworld/images/logo-white.png]
[htmldesigntemplates.com/html/yatriiworld/images/logo.png]
[htmldesigntemplates.com/html/yatriiworld/index-1.html]
[htmldesigntemplates.com/html/yatriiworld/index-2.html]
[htmldesigntemplates.com/html/yatriiworld/index-3.html]
[htmldesigntemplates.com/html/yatriiworld/index-flight.html]
[htmldesigntemplates.com/html/yatriiworld/flight-list.html]
[htmldesigntemplates.com/html/yatriiworld/flight-grid.html]
[htmldesigntemplates.com/html/yatriiworld/flight-detail.html]
[htmldesigntemplates.com/html/yatriiworld/flight-booking.html]
[htmldesigntemplates.com/html/yatriiworld/index-car.html]
[htmldesigntemplates.com/html/yatriiworld/car-list.html]
[htmldesigntemplates.com/html/yatriiworld/car-grid.html]
[htmldesigntemplates.com/html/yatriiworld/car-detail.html]
[htmldesigntemplates.com/html/yatriiworld/car-booking.html]
[htmldesigntemplates.com/html/yatriiworld/index-train.html]
[htmldesigntemplates.com/html/yatriiworld/train-list.html]
[htmldesigntemplates.com/html/yatriiworld/train-grid.html]
[htmldesigntemplates.com/html/yatriiworld/train-detail.html]
[htmldesigntemplates.com/html/yatriiworld/train-booking.html]
[htmldesigntemplates.com/html/yatriiworld/index-hotel.html]
[htmldesigntemplates.com/html/yatriiworld/hotel-list.html]
[htmldesigntemplates.com/html/yatriiworld/hotel-grid.html]
[htmldesigntemplates.com/html/yatriiworld/hotel-detail.html]
[htmldesigntemplates.com/html/yatriiworld/hotel-booking.html]
[htmldesigntemplates.com/html/yatriiworld/index-search.html]
[htmldesigntemplates.com/html/yatriiworld/about.html]
[htmldesigntemplates.com/html/yatriiworld/booking.html]
[htmldesigntemplates.com/html/yatriiworld/confirmation.html]
[htmldesigntemplates.com/html/yatriiworld/gallery.html]
[htmldesigntemplates.com/html/yatriiworld/gallery1.html]
[htmldesigntemplates.com/html/yatriiworld/404.html]
[htmldesigntemplates.com/html/yatriiworld/404-1.html]
[htmldesigntemplates.com/html/yatriiworld/comingsoon.html]
[htmldesigntemplates.com/html/yatriiworld/comingsoon-1.html]
[htmldesigntemplates.com/html/yatriiworld/shop-grid1.html]
[htmldesigntemplates.com/html/yatriiworld/shop-list1.html]
[htmldesigntemplates.com/html/yatriiworld/shop-detail.html]
[htmldesigntemplates.com/html/yatriiworld/cart.html]
[htmldesigntemplates.com/html/yatriiworld/checkout.html]
[htmldesigntemplates.com/html/yatriiworld/login.html]
[htmldesigntemplates.com/html/yatriiworld/wishlist.html]
[htmldesigntemplates.com/html/yatriiworld/forgot-password.html]
[htmldesigntemplates.com/html/yatriiworld/faq.html]
[htmldesigntemplates.com/html/yatriiworld/testimonial.html]
[htmldesigntemplates.com/html/yatriiworld/pricing.html]
[htmldesigntemplates.com/html/yatriiworld/destination.html]
[htmldesigntemplates.com/html/yatriiworld/destination-list.html]
[htmldesigntemplates.com/html/yatriiworld/destination-grid.html]
[htmldesigntemplates.com/html/yatriiworld/destination-full.html]
[htmldesigntemplates.com/html/yatriiworld/destination-left.html]
[htmldesigntemplates.com/html/yatriiworld/destination-masonry.html]
[htmldesigntemplates.com/html/yatriiworld/destination-single.html]
[htmldesigntemplates.com/html/yatriiworld/destination-single1.html]
[htmldesigntemplates.com/html/yatriiworld/destination-single-full.html]
[htmldesigntemplates.com/html/yatriiworld/blog-home.html]
[htmldesigntemplates.com/html/yatriiworld/blog-list.html]
[htmldesigntemplates.com/html/yatriiworld/blog-grid.html]
[htmldesigntemplates.com/html/yatriiworld/blog-full.html]
[htmldesigntemplates.com/html/yatriiworld/blog-left.html]
[htmldesigntemplates.com/html/yatriiworld/blog-masonry.html]
[htmldesigntemplates.com/html/yatriiworld/blog-single.html]
[htmldesigntemplates.com/html/yatriiworld/blog-single-full.html]
[htmldesigntemplates.com/html/yatriiworld/dashboard.html]
[htmldesigntemplates.com/html/yatriiworld/dashboard-my-profile.html]
[htmldesigntemplates.com/html/yatriiworld/dashboard-list.html]
[htmldesigntemplates.com/html/yatriiworld/dashboard-messages.html]
[htmldesigntemplates.com/html/yatriiworld/dashboard-history.html]
[htmldesigntemplates.com/html/yatriiworld/dashboard-add-new.html]
[htmldesigntemplates.com/html/yatriiworld/dashboard-reviews.html]
[htmldesigntemplates.com/html/yatriiworld/contact.html]
[htmldesigntemplates.com/html/yatriiworld/images/slider/1.jpg]
[htmldesigntemplates.com/html/yatriiworld/images/slider/2.jpg]
[htmldesigntemplates.com/html/yatriiworld/images/slider/3.jpg]
[htmldesigntemplates.com/html/yatriiworld/images/destination/destination7.jpg]
[htmldesigntemplates.com/html/yatriiworld/images/destination/destination5.jpg]
[htmldesigntemplates.com/html/yatriiworld/images/destination/destination6.jpg]
[htmldesigntemplates.com/html/yatriiworld/images/destination/destination3.jpg]
[htmldesigntemplates.com/html/yatriiworld/images/destination/destination4.jpg]
[htmldesigntemplates.com/html/yatriiworld/images/destination/destination12.jpg]
[htmldesigntemplates.com/html/yatriiworld/images/trending/trending1.jpg]
[htmldesigntemplates.com/html/yatriiworld/images/trending/trending2.jpg]
[htmldesigntemplates.com/html/yatriiworld/images/trending/trending3.jpg]
[htmldesigntemplates.com/html/yatriiworld/images/trending/trending4.jpg]
[htmldesigntemplates.com/html/yatriiworld/images/trending/trending5.jpg]
[htmldesigntemplates.com/html/yatriiworld/images/trending/trending6.jpg]
[htmldesigntemplates.com/html/yatriiworld/images/destination/destination8.jpg]
[htmldesigntemplates.com/html/yatriiworld/images/destination/destination9.jpg]
[htmldesigntemplates.com/html/yatriiworld/images/bg/bg4.jpg]
[htmldesigntemplates.com/html/yatriiworld/images/trending/trending8.jpg]
[htmldesigntemplates.com/html/yatriiworld/images/reviewer/1.jpg]
[htmldesigntemplates.com/html/yatriiworld/images/trending/trending11.jpg]
[htmldesigntemplates.com/html/yatriiworld/images/reviewer/2.jpg]
[htmldesigntemplates.com/html/yatriiworld/images/trending/trending12.jpg]
[htmldesigntemplates.com/html/yatriiworld/images/trending/trending14.jpg]
[htmldesigntemplates.com/html/yatriiworld/images/trending/trending13.jpg]
[htmldesigntemplates.com/html/yatriiworld/images/trending/trending7.jpg]
[htmldesigntemplates.com/html/yatriiworld/images/trending/trending9.jpg]
[htmldesigntemplates.com/html/yatriiworld/images/new-deal/deal1.jpg]
[htmldesigntemplates.com/html/yatriiworld/images/new-deal/deal2.jpg]
[htmldesigntemplates.com/html/yatriiworld/images/new-deal/deal3.jpg]
[htmldesigntemplates.com/html/yatriiworld/images/new-deal/deal4.jpg]
[htmldesigntemplates.com/html/yatriiworld/images/bg/bg2.jpg]
[htmldesigntemplates.com/html/yatriiworld/images/testimonial/img1.jpg]
[htmldesigntemplates.com/html/yatriiworld/images/testimonial/img2.jpg]
[htmldesigntemplates.com/html/yatriiworld/images/testimonial/img3.jpg]
[htmldesigntemplates.com/html/yatriiworld/images/insta/ins-3.jpg]
[htmldesigntemplates.com/html/yatriiworld/images/insta/ins-4.jpg]
[htmldesigntemplates.com/html/yatriiworld/images/insta/ins-5.jpg]
[htmldesigntemplates.com/html/yatriiworld/images/insta/ins-1.jpg]
[htmldesigntemplates.com/html/yatriiworld/images/insta/ins-7.jpg]
[htmldesigntemplates.com/html/yatriiworld/images/insta/ins-8.jpg]
[htmldesigntemplates.com/html/yatriiworld/images/insta/ins-2.jpg]
[htmldesigntemplates.com/html/yatriiworld/images/insta/ins-6.jpg]
[htmldesigntemplates.com/html/yatriiworld/images/insta/ins-9.jpg]
[htmldesigntemplates.com/html/yatriiworld/images/blog/blog1.jpg]
[htmldesigntemplates.com/html/yatriiworld/single-right.html]
[htmldesigntemplates.com/html/yatriiworld/images/blog/blog2.jpg]
[htmldesigntemplates.com/html/yatriiworld/images/blog/blog3.jpg]
[htmldesigntemplates.com/html/yatriiworld/images/blog/blog4.jpg]
[htmldesigntemplates.com/html/yatriiworld/images/blog/blog5.jpg]
[htmldesigntemplates.com/html/yatriiworld/about-us.html]
[htmldesigntemplates.com/html/yatriiworld/images/shop/shop1.jpg]
[htmldesigntemplates.com/html/yatriiworld/images/shop/shop2.jpg]
[htmldesigntemplates.com/html/yatriiworld/images/shop/shop6.jpg]
[htmldesigntemplates.com/cdn-cgi/scripts/5c5dd728/cloudflare-static/email-decode.min.js]
[htmldesigntemplates.com/html/yatriiworld/js/jquery-3.5.1.min.js]
[htmldesigntemplates.com/html/yatriiworld/js/bootstrap.min.js]
[htmldesigntemplates.com/html/yatriiworld/js/particles.js]
[htmldesigntemplates.com/html/yatriiworld/js/particlerun.js]
[htmldesigntemplates.com/html/yatriiworld/js/plugin.js]
[htmldesigntemplates.com/html/yatriiworld/js/main.js]
[htmldesigntemplates.com/html/yatriiworld/js/custom-swiper.js]
[htmldesigntemplates.com/html/yatriiworld/js/custom-nav.js]
[htmldesigntemplates.com/html/yatriiworld/js/custom-date.js]
[htmldesigntemplates.com/html/yatriiworld/index.html]
[htmldesigntemplates.com/html/yatriiworld/css/bootstrap.min.css]
[htmldesigntemplates.com/cdn-cgi/challenge-platform/h/b/scripts/jsd/de9364586261/main.js]
[htmldesigntemplates.com/html/yatriiworld/images/dot-overlay.png]
[htmldesigntemplates.com/html/yatriiworld/images/loader.gif]
[htmldesigntemplates.com/html/yatriiworld/images/streetmap.jpg]
[htmldesigntemplates.com/html/yatriiworld/images/flights/flightbg.jpg]
[htmldesigntemplates.com/html/yatriiworld/images/bottom-bg.png]
[htmldesigntemplates.com/html/yatriiworld/images/top-bg.png]
[htmldesigntemplates.com/html/yatriiworld/images/calltoaction3.jpg]
[htmldesigntemplates.com/html/yatriiworld/images/testi-shape.png]
[htmldesigntemplates.com/html/yatriiworld/images/testimonial.png]
[htmldesigntemplates.com/html/yatriiworld/images/trending-bg.jpg]
[htmldesigntemplates.com/html/yatriiworld/images/bg/bg7.jpg]
[htmldesigntemplates.com/html/yatriiworld/css/style.css]
[htmldesigntemplates.com/html/yatriiworld/images/loading.gif]
[htmldesigntemplates.com/html/yatriiworld/css/plugin.css]
[htmldesigntemplates.com/html/yatriiworld/fonts/Flaticon.eot]
[htmldesigntemplates.com/html/yatriiworld/fonts/Flaticond41d.eot]
[htmldesigntemplates.com/html/yatriiworld/fonts/Flaticon.woff2]
[htmldesigntemplates.com/html/yatriiworld/fonts/Flaticon.woff]
[htmldesigntemplates.com/html/yatriiworld/fonts/Flaticon.ttf]
[htmldesigntemplates.com/html/yatriiworld/fonts/flaticon.css]
[cdnjs.cloudflare.com/ajax/libs/font-awesome/4.7.0/css/font-awesome.min.css]
[cdnjs.cloudflare.com/ajax/libs/font-awesome/5.11.2/css/all.min.css]
[htmldesigntemplates.com/html/yatriiworld/fonts/Flaticon.svg]
[htmldesigntemplates.com/html/yatriiworld/fonts/Simple-Line-Iconsb26cb26c.eot]
[htmldesigntemplates.com/html/yatriiworld/fonts/Simple-Line-Iconsb26cb26c.woff2]
[htmldesigntemplates.com/html/yatriiworld/fonts/Simple-Line-Iconsb26cb26c.ttf]
[htmldesigntemplates.com/html/yatriiworld/fonts/Simple-Line-Iconsb26cb26c.woff]
[htmldesigntemplates.com/html/yatriiworld/fonts/line-icons.css]
[htmldesigntemplates.com/html/yatriiworld/fonts/Simple-Line-Iconsb26cb26c.svg]
[htmldesigntemplates.com/html/yatriiworld/images/tour.mp4]
[htmldesigntemplates.com/html/yatriiworld/tour-detail.html]
[htmldesigntemplates.com/html/yatriiworld/index-1.html]
[htmldesigntemplates.com/html/yatriiworld/images/slider/4.jpg]
[htmldesigntemplates.com/html/yatriiworld/images/slider/5.jpg]
[htmldesigntemplates.com/html/yatriiworld/images/slider/9.jpg]
[htmldesigntemplates.com/html/yatriiworld/images/bg/bg5.jpg]
[htmldesigntemplates.com/html/yatriiworld/images/destination/destination10.jpg]
[htmldesigntemplates.com/html/yatriiworld/index-2.html]
[htmldesigntemplates.com/html/yatriiworld/images/slider/8.jpg]
[htmldesigntemplates.com/html/yatriiworld/images/slider/10.jpg]
[htmldesigntemplates.com/html/yatriiworld/images/new-deal/deal5.jpg]
[htmldesigntemplates.com/html/yatriiworld/images/bg/bg6.jpg]
[htmldesigntemplates.com/html/yatriiworld/images/destination/destination11.jpg]
[htmldesigntemplates.com/html/yatriiworld/images/bg/bg3.jpg]
[htmldesigntemplates.com/html/yatriiworld/index-3.html]
[htmldesigntemplates.com/html/yatriiworld/js/custom-swiper2.js]
[htmldesigntemplates.com/html/yatriiworld/images/flights/2.jpg]
[htmldesigntemplates.com/html/yatriiworld/images/flights/flight_grid_2.png]
[htmldesigntemplates.com/html/yatriiworld/images/flights/flight_grid_4.png]
[htmldesigntemplates.com/html/yatriiworld/images/flights/flight_grid_5.png]
[htmldesigntemplates.com/html/yatriiworld/images/flights/flight3.jpg]
[htmldesigntemplates.com/html/yatriiworld/images/new-deal/deal6.jpg]
[htmldesigntemplates.com/html/yatriiworld/images/new-deal/deal7.jpg]
[htmldesigntemplates.com/html/yatriiworld/images/blog/blog9.jpg]
[htmldesigntemplates.com/html/yatriiworld/images/blog/blog8.jpg]
[htmldesigntemplates.com/html/yatriiworld/images/blog/blog7.jpg]
[htmldesigntemplates.com/html/yatriiworld/images/flights/flight_grid_3.png]
[htmldesigntemplates.com/html/yatriiworld/index-flight.html]
[htmldesigntemplates.com/html/yatriiworld/images/bg/bg8.jpg]
[htmldesigntemplates.com/html/yatriiworld/flight-list.html]
[htmldesigntemplates.com/html/yatriiworld/images/flights/flight1.jpg]
[htmldesigntemplates.com/html/yatriiworld/images/flights/flight2.jpg]
[htmldesigntemplates.com/html/yatriiworld/images/flights/flight4.jpg]
[htmldesigntemplates.com/html/yatriiworld/images/flights/flight6.jpg]
[htmldesigntemplates.com/html/yatriiworld/images/flights/flight5.jpg]
[htmldesigntemplates.com/html/yatriiworld/images/flights/flight7.jpg]
[htmldesigntemplates.com/html/yatriiworld/images/flights/flight8.jpg]
[htmldesigntemplates.com/html/yatriiworld/flight-grid.html]
[htmldesigntemplates.com/html/yatriiworld/js/custom-swiper3.js]
[htmldesigntemplates.com/html/yatriiworld/flight-detail.html]
[htmldesigntemplates.com/html/yatriiworld/flight-booking.html]
[htmldesigntemplates.com/html/yatriiworld/js/custom-navscroll.js]
[htmldesigntemplates.com/html/yatriiworld/images/cars/1.jpg]
[htmldesigntemplates.com/html/yatriiworld/images/cars/2.jpg]
[htmldesigntemplates.com/html/yatriiworld/images/cars/3.jpg]
[htmldesigntemplates.com/html/yatriiworld/images/cars/car.png]
[htmldesigntemplates.com/html/yatriiworld/images/trending/trending16.jpg]
[htmldesigntemplates.com/html/yatriiworld/images/trending/trending15.jpg]
[htmldesigntemplates.com/html/yatriiworld/images/trending/trending21.jpg]
[htmldesigntemplates.com/html/yatriiworld/images/trending/trending18.jpg]
[htmldesigntemplates.com/html/yatriiworld/images/trending/trending17.jpg]
[htmldesigntemplates.com/html/yatriiworld/images/trending/trending19.jpg]
[htmldesigntemplates.com/html/yatriiworld/images/clients/logo-01.png]
[htmldesigntemplates.com/html/yatriiworld/images/clients/logo-02.png]
[htmldesigntemplates.com/html/yatriiworld/images/clients/logo-03.png]
[htmldesigntemplates.com/html/yatriiworld/images/clients/logo-04.png]
[htmldesigntemplates.com/html/yatriiworld/index-car.html]
[htmldesigntemplates.com/html/yatriiworld/images/cars/4.jpg]
[htmldesigntemplates.com/html/yatriiworld/images/cars/6.jpg]
[htmldesigntemplates.com/html/yatriiworld/images/cars/5.jpg]
[htmldesigntemplates.com/html/yatriiworld/images/cars/7.jpg]
[htmldesigntemplates.com/html/yatriiworld/car-list.html]
[htmldesigntemplates.com/html/yatriiworld/car-grid.html]
[htmldesigntemplates.com/html/yatriiworld/car-detail.html]
[htmldesigntemplates.com/html/yatriiworld/car-booking.html]
[htmldesigntemplates.com/html/yatriiworld/images/trains/1.jpg]
[htmldesigntemplates.com/html/yatriiworld/images/trains/4.jpg]
[htmldesigntemplates.com/html/yatriiworld/images/trains/2.jpg]
[htmldesigntemplates.com/html/yatriiworld/images/trains/3.jpg]
[htmldesigntemplates.com/html/yatriiworld/images/new-deal/deal11.jpg]
[htmldesigntemplates.com/html/yatriiworld/images/new-deal/deal12.jpg]
[htmldesigntemplates.com/html/yatriiworld/images/trending/trending24.jpg]
[htmldesigntemplates.com/html/yatriiworld/images/trending/trending25.jpg]
[htmldesigntemplates.com/html/yatriiworld/images/trending/trending22.jpg]
[htmldesigntemplates.com/html/yatriiworld/images/trending/trending23.jpg]
[htmldesigntemplates.com/html/yatriiworld/images/trending/trending26.jpg]
[htmldesigntemplates.com/html/yatriiworld/images/blog/blog10.jpg]
[htmldesigntemplates.com/html/yatriiworld/index-train.html]
[htmldesigntemplates.com/html/yatriiworld/js/custom-swiper5.js]
[htmldesigntemplates.com/html/yatriiworld/images/trains/6.jpg]
[htmldesigntemplates.com/html/yatriiworld/images/trains/5.jpg]
[htmldesigntemplates.com/html/yatriiworld/images/trains/7.jpg]
[htmldesigntemplates.com/html/yatriiworld/train-list.html]
[htmldesigntemplates.com/html/yatriiworld/train-grid.html]
[htmldesigntemplates.com/html/yatriiworld/train-detail.html]
[htmldesigntemplates.com/html/yatriiworld/train-booking.html]
[htmldesigntemplates.com/html/yatriiworld/images/slider/11.jpg]
[htmldesigntemplates.com/html/yatriiworld/images/slider/12.jpg]
[htmldesigntemplates.com/html/yatriiworld/images/slider/13.jpg]
[htmldesigntemplates.com/html/yatriiworld/images/rooms/list1.jpg]
[htmldesigntemplates.com/html/yatriiworld/images/rooms/list2.jpg]
[htmldesigntemplates.com/html/yatriiworld/images/rooms/list3.jpg]
[htmldesigntemplates.com/html/yatriiworld/images/rooms/list4.jpg]
[htmldesigntemplates.com/html/yatriiworld/images/rooms/list5.jpg]
[htmldesigntemplates.com/html/yatriiworld/images/rooms/list6.jpg]
[htmldesigntemplates.com/html/yatriiworld/index-hotel.html]
[htmldesigntemplates.com/html/yatriiworld/images/rooms/list7.jpg]
[htmldesigntemplates.com/html/yatriiworld/images/map.jpg]
[htmldesigntemplates.com/html/yatriiworld/hotel-list.html]
[htmldesigntemplates.com/html/yatriiworld/images/rooms/list8.jpg]
[htmldesigntemplates.com/html/yatriiworld/hotel-grid.html]
[htmldesigntemplates.com/html/yatriiworld/hotel-detail.html]
[htmldesigntemplates.com/html/yatriiworld/hotel-booking.html]
[htmldesigntemplates.com/html/yatriiworld/index-search.html]
[htmldesigntemplates.com/html/yatriiworld/images/team/img1.jpg]
[htmldesigntemplates.com/html/yatriiworld/images/team/img2.jpg]
[htmldesigntemplates.com/html/yatriiworld/images/team/img4.jpg]
[htmldesigntemplates.com/html/yatriiworld/images/team/img3.jpg]
[htmldesigntemplates.com/html/yatriiworld/images/team/img5.jpg]
[htmldesigntemplates.com/html/yatriiworld/about.html]
[htmldesigntemplates.com/html/yatriiworld/booking.html]
[htmldesigntemplates.com/html/yatriiworld/confirmation.html]
[htmldesigntemplates.com/html/yatriiworld/gallery.html]
[htmldesigntemplates.com/html/yatriiworld/js/custom-accordian.js]
[htmldesigntemplates.com/html/yatriiworld/images/trending/trending10.jpg]
[htmldesigntemplates.com/html/yatriiworld/gallery1.html]
[htmldesigntemplates.com/html/yatriiworld/404.html]
[htmldesigntemplates.com/html/yatriiworld/images/404-1.svg]
[htmldesigntemplates.com/html/yatriiworld/404-1.html]
[htmldesigntemplates.com/html/yatriiworld/comingsoon.html]
[htmldesigntemplates.com/html/yatriiworld/images/404.svg]
[htmldesigntemplates.com/html/yatriiworld/images/coming-1.svg]
[htmldesigntemplates.com/html/yatriiworld/comingsoon-1.html]
[htmldesigntemplates.com/html/yatriiworld/js/custom-particular.js]
[htmldesigntemplates.com/html/yatriiworld/images/shop/shop3.jpg]
[htmldesigntemplates.com/html/yatriiworld/images/shop/shop4.jpg]
[htmldesigntemplates.com/html/yatriiworld/images/shop/shop5.jpg]
[htmldesigntemplates.com/html/yatriiworld/images/shop/shop7.jpg]
[htmldesigntemplates.com/html/yatriiworld/images/shop/shop8.jpg]
[htmldesigntemplates.com/html/yatriiworld/shop-detail.10a.delayed]
[htmldesigntemplates.com/html/yatriiworld/shop-grid1.html]
[htmldesigntemplates.com/html/yatriiworld/images/shop/shop9.jpg]
[htmldesigntemplates.com/html/yatriiworld/shop-list1.html]
[htmldesigntemplates.com/html/yatriiworld/shop-detail.html]
[htmldesigntemplates.com/html/yatriiworld/cart.html]
[htmldesigntemplates.com/html/yatriiworld/checkout.html]
[htmldesigntemplates.com/html/yatriiworld/login.html]
[htmldesigntemplates.com/html/yatriiworld/wishlist.html]
[htmldesigntemplates.com/html/yatriiworld/forgot-password.html]
[htmldesigntemplates.com/html/yatriiworld/faq.html]
[htmldesigntemplates.com/html/yatriiworld/testimonial.html]
[htmldesigntemplates.com/html/yatriiworld/pricing.html]
[htmldesigntemplates.com/html/yatriiworld/destination.html]
[htmldesigntemplates.com/html/yatriiworld/destination-list.html]
[htmldesigntemplates.com/html/yatriiworld/destination-grid.html]
[htmldesigntemplates.com/html/yatriiworld/destination-full.html]
[htmldesigntemplates.com/html/yatriiworld/destination-left.html]
[htmldesigntemplates.com/html/yatriiworld/destination-masonry.html]
[htmldesigntemplates.com/html/yatriiworld/images/slider/7.jpg]
[htmldesigntemplates.com/html/yatriiworld/destination-single.html]
[htmldesigntemplates.com/html/yatriiworld/destination-single1.html]
[htmldesigntemplates.com/html/yatriiworld/images/bg/bg1.jpg]
[htmldesigntemplates.com/html/yatriiworld/destination-single-full.html]
[htmldesigntemplates.com/html/yatriiworld/blog-home.html]
[htmldesigntemplates.com/html/yatriiworld/images/blog/blog6.jpg]
[htmldesigntemplates.com/html/yatriiworld/blog-single.php]
[htmldesigntemplates.com/html/yatriiworld/blog-list.html]
[htmldesigntemplates.com/html/yatriiworld/blog-grid.html]
[htmldesigntemplates.com/html/yatriiworld/blog-full.html]
[htmldesigntemplates.com/html/yatriiworld/blog-left.html]
[htmldesigntemplates.com/html/yatriiworld/blog-masonry.html]
[htmldesigntemplates.com/html/yatriiworld/blog-single.html]
[htmldesigntemplates.com/html/yatriiworld/blog-single-full.html]
[htmldesigntemplates.com/html/yatriiworld/css/dashboard.css]
[htmldesigntemplates.com/html/yatriiworld/css/icons.css]
[htmldesigntemplates.com/html/yatriiworld/js/jpanelmenu.min.js]
[htmldesigntemplates.com/html/yatriiworld/dashboard.html]
[htmldesigntemplates.com/html/yatriiworld/js/dashboard-custom.js]
[htmldesigntemplates.com/html/yatriiworld/images/user-avatar.jpg]
[htmldesigntemplates.com/html/yatriiworld/dashboard-my-profile.html]
[htmldesigntemplates.com/html/yatriiworld/listing-edit.html]
[htmldesigntemplates.com/html/yatriiworld/images/reviewer/3.jpg]
[htmldesigntemplates.com/html/yatriiworld/images/reviewer/4.jpg]
[htmldesigntemplates.com/html/yatriiworld/images/reviewer/5.jpg]
[htmldesigntemplates.com/html/yatriiworld/dashboard-list.html]
[htmldesigntemplates.com/html/yatriiworld/dashboard-messages.html]
[htmldesigntemplates.com/html/yatriiworld/dashboard-history.html]
[htmldesigntemplates.com/html/yatriiworld/dashboard-add-new.html]
[htmldesigntemplates.com/html/yatriiworld/dashboard-reviews.html]
[htmldesigntemplates.com/html/yatriiworld/contact.html]
[htmldesigntemplates.com/html/yatriiworld/single-right.html]
[htmldesigntemplates.com/html/yatriiworld/about-us.html]
[htmldesigntemplates.com/html/yatriiworld/images/calltoaction3.html]
[htmldesigntemplates.com/html/yatriiworld/images/trending-bg.html]
[htmldesigntemplates.com/html/yatriiworld/fonts/Flaticon.svg]
[htmldesigntemplates.com/html/yatriiworld/fonts/Simple-Line-Iconsb26cb26c.svg]
[htmldesigntemplates.com/html/yatriiworld/tour-detail.html]
[htmldesigntemplates.com/html/yatriiworld/images/404-1.svg]
[htmldesigntemplates.com/html/yatriiworld/images/404.svg]
[htmldesigntemplates.com/html/yatriiworld/images/coming-1.svg]
[htmldesigntemplates.com/html/yatriiworld/shop-detail-2.html]
[htmldesigntemplates.com/html/yatriiworld/blog-single-2.html]
[htmldesigntemplates.com/html/yatriiworld/css/dashboard.css]
[htmldesigntemplates.com/html/yatriiworld/fonts/fontawesome-webfont5b62.eot]
[htmldesigntemplates.com/html/yatriiworld/fonts/fontawesome-webfontd41d.eot]
[htmldesigntemplates.com/html/yatriiworld/fonts/fontawesome-webfont5b62.woff2]
[htmldesigntemplates.com/html/yatriiworld/fonts/fontawesome-webfont5b62.svg]
[htmldesigntemplates.com/html/yatriiworld/fonts/simple-line-iconsc05f.eot]
[htmldesigntemplates.com/html/yatriiworld/fonts/Simple-Line-Iconsc05f.ttf]
[htmldesigntemplates.com/html/yatriiworld/fonts/Simple-Line-Iconsc05f.woff]
[htmldesigntemplates.com/html/yatriiworld/fonts/iconsmindca27.eot]
[htmldesigntemplates.com/html/yatriiworld/fonts/iconsmindca27.woff]
[htmldesigntemplates.com/html/yatriiworld/fonts/iconsmindca27.ttf]
[htmldesigntemplates.com/html/yatriiworld/css/icons.css]
[htmldesigntemplates.com/html/yatriiworld/listing-edit.html]
[htmldesigntemplates.com/html/yatriiworld/fonts/fontawesome-webfont5b62.html]
[htmldesigntemplates.com/html/yatriiworld/fonts/fontawesome-webfontd41d.html]
[htmldesigntemplates.com/html/yatriiworld/fonts/fontawesome-webfont5b62-2.html]
[htmldesigntemplates.com/html/yatriiworld/fonts/fontawesome-webfont5b62-3.html]
[htmldesigntemplates.com/html/yatriiworld/fonts/fontawesome-webfont5b62-4.html]
[htmldesigntemplates.com/html/yatriiworld/fonts/fontawesome-webfont5b62-5.html]
[htmldesigntemplates.com/html/yatriiworld/fonts/simple-line-iconsc05f.html]
[htmldesigntemplates.com/html/yatriiworld/fonts/simple-line-iconsc05f-2.html]
[htmldesigntemplates.com/html/yatriiworld/fonts/iconsmindd41d.html]
[htmldesigntemplates.com/html/yatriiworld/fonts/iconsmindca27.svg]
[htmldesigntemplates.com/html/yatriiworld/fonts/iconsmindca27.svg]
